<?xml version="1.0" encoding="utf-8"?><testsuites name="pytest tests"><testsuite name="pytest" errors="0" failures="0" skipped="0" tests="49" time="1.925" timestamp="2026-08-20T20:26:20.465054+00:00" hostname="agent-env-8d27a0f4-ce75-4858-b97a-94a1afa3f631"><testcase classname="tests.backend_test.TestUnit5" name="test_meta_and_topic_ids" time="0.420" /><testcase classname="tests.backend_test.TestUnit5" name="test_topic_schema_compact" time="0.000" /><testcase classname="tests.backend_test.TestUnit5" name="test_solved_examples_only_on_three_topics" time="0.000" /><testcase classname="tests.backend_test.TestUnit5" name="test_huffman_solved_example" time="0.000" /><testcase classname="tests.backend_test.TestUnit5" name="test_cd_dvd_solved_example" time="0.001" /><testcase classname="tests.backend_test.TestUnit5" name="test_streaming_solved_example" time="0.000" /><testcase classname="tests.backend_test.TestUnit5" name="test_solved_example_row_widths" time="0.000" /><testcase classname="tests.backend_test.TestUnit5" name="test_comparison_tables" time="0.000" /><testcase classname="tests.backend_test.TestUnit5" name="test_final_sections" time="0.000" /><testcase classname="tests.backend_test.TestUnit5" name="test_diagram_keys" time="0.000" /><testcase classname="tests.backend_test.TestUnit5" name="test_diagram_captions_match_keys" time="0.000" /><testcase classname="tests.backend_test.TestUnit4" name="test_meta_and_topic_ids" time="0.445" /><testcase classname="tests.backend_test.TestUnit4" name="test_topic_schema_compact" time="0.000" /><testcase classname="tests.backend_test.TestUnit4" name="test_solved_examples_only_on_four_topics" time="0.000" /><testcase classname="tests.backend_test.TestUnit4" name="test_image_size_solved_example" time="0.000" /><testcase classname="tests.backend_test.TestUnit4" name="test_audio_size_solved_example" time="0.001" /><testcase classname="tests.backend_test.TestUnit4" name="test_video_size_solved_example" time="0.000" /><testcase classname="tests.backend_test.TestUnit4" name="test_compression_rle_solved_example" time="0.000" /><testcase classname="tests.backend_test.TestUnit4" name="test_solved_example_row_widths" time="0.000" /><testcase classname="tests.backend_test.TestUnit4" name="test_comparison_tables" time="0.000" /><testcase classname="tests.backend_test.TestUnit4" name="test_final_sections" time="0.000" /><testcase classname="tests.backend_test.TestUnit4" name="test_diagram_keys" time="0.000" /><testcase classname="tests.backend_test.TestUnit4" name="test_diagram_captions_match_keys" time="0.000" /><testcase classname="tests.backend_test.TestUnit3" name="test_meta_and_topic_ids" time="0.096" /><testcase classname="tests.backend_test.TestUnit3" name="test_topic_schema_compact" time="0.000" /><testcase classname="tests.backend_test.TestUnit3" name="test_solved_examples_only_on_four_topics" time="0.000" /><testcase classname="tests.backend_test.TestUnit3" name="test_translate_scale_result" time="0.000" /><testcase classname="tests.backend_test.TestUnit3" name="test_rotation_result" time="0.000" /><testcase classname="tests.backend_test.TestUnit3" name="test_perspective_results" time="0.000" /><testcase classname="tests.backend_test.TestUnit3" name="test_bezier_results" time="0.000" /><testcase classname="tests.backend_test.TestUnit3" name="test_final_sections" time="0.000" /><testcase classname="tests.backend_test.TestUnit3" name="test_comparison_tables" time="0.000" /><testcase classname="tests.backend_test.TestUnit3" name="test_diagram_keys" time="0.000" /><testcase classname="tests.backend_test.TestUnit2" name="test_meta_and_topic_ids" time="0.109" /><testcase classname="tests.backend_test.TestUnit2" name="test_topic_schema_compact" time="0.000" /><testcase classname="tests.backend_test.TestUnit2" name="test_final_sections" time="0.000" /><testcase classname="tests.backend_test.TestUnit2" name="test_bresenham_solved_example" time="0.000" /><testcase classname="tests.backend_test.TestUnit2" name="test_midpoint_circle_solved_example" time="0.000" /><testcase classname="tests.backend_test.TestUnit2" name="test_diagram_keys" time="0.000" /><testcase classname="tests.backend_test.TestPersistence" name="test_repeat_fetch_stable" time="0.230" /><testcase classname="tests.backend_test.TestUnit1" name="test_meta_and_topics" time="0.085" /><testcase classname="tests.backend_test.TestUnit1" name="test_cheat_card" time="0.000" /><testcase classname="tests.backend_test.TestUnit1" name="test_dda_table_four_columns" time="0.000" /><testcase classname="tests.backend_test.TestUnit1" name="test_quick_facts_present" time="0.000" /><testcase classname="tests.backend_test.TestUnitsList" name="test_list_units" time="0.118" /><testcase classname="tests.backend_test.TestUnitsList" name="test_unknown_unit_404" time="0.082" /><testcase classname="tests.backend_test.TestPersistence" name="test_unit4_repeat_fetch_stable" time="0.231" /><testcase classname="tests.backend_test.TestHealth" name="test_root" time="0.085" /><testcase classname="tests.backend_test.TestPersistence" name="test_unit5_repeat_fetch_stable" time="0.213" /></testsuite></testsuites>