<?xml version="1.0" encoding="utf-8"?><testsuites name="pytest tests"><testsuite name="pytest" errors="0" failures="0" skipped="0" tests="14" time="1.243" timestamp="2026-08-20T19:51:44.394920+00:00" hostname="agent-env-8d27a0f4-ce75-4858-b97a-94a1afa3f631"><testcase classname="tests.backend_test.TestUnit1" name="test_meta_and_topics" time="0.326" /><testcase classname="tests.backend_test.TestUnit1" name="test_cheat_card" time="0.001" /><testcase classname="tests.backend_test.TestUnit1" name="test_dda_table_four_columns" time="0.000" /><testcase classname="tests.backend_test.TestUnit1" name="test_quick_facts_present" time="0.000" /><testcase classname="tests.backend_test.TestUnitsList" name="test_list_units" time="0.132" /><testcase classname="tests.backend_test.TestUnit2" name="test_meta_and_topic_ids" time="0.413" /><testcase classname="tests.backend_test.TestUnit2" name="test_topic_schema_compact" time="0.000" /><testcase classname="tests.backend_test.TestUnit2" name="test_final_sections" time="0.000" /><testcase classname="tests.backend_test.TestUnit2" name="test_bresenham_solved_example" time="0.000" /><testcase classname="tests.backend_test.TestUnit2" name="test_midpoint_circle_solved_example" time="0.000" /><testcase classname="tests.backend_test.TestUnit2" name="test_diagram_keys" time="0.000" /><testcase classname="tests.backend_test.TestPersistence" name="test_repeat_fetch_stable" time="0.195" /><testcase classname="tests.backend_test.TestUnitsList" name="test_unknown_unit_404" time="0.094" /><testcase classname="tests.backend_test.TestHealth" name="test_root" time="0.131" /></testsuite></testsuites>